<?xml version="1.0" encoding="UTF-8"?>
<coverage generated="1546258517913" clover="3.2.0">
  <project timestamp="1546258517914" name="All files">
    <metrics statements="20" coveredstatements="20" conditionals="6" coveredconditionals="5" methods="5" coveredmethods="5" elements="31" coveredelements="30" complexity="0" loc="20" ncloc="20" packages="1" files="1" classes="1">
      <file name="reader-callbacks-array.js" path="/Users/fletcher/programming/codefellows/401/labs/03-async/lib/reader-callbacks-array.js">
        <metrics statements="20" coveredstatements="20" conditionals="6" coveredconditionals="5" methods="5" coveredmethods="5"/>
        <line num="3" count="1" type="stmt"/>
        <line num="4" count="1" type="stmt"/>
        <line num="5" count="1" type="stmt"/>
        <line num="8" count="1" type="stmt"/>
        <line num="9" count="5" type="stmt"/>
        <line num="10" count="4" type="stmt"/>
        <line num="15" count="1" type="stmt"/>
        <line num="16" count="25" type="stmt"/>
        <line num="17" count="25" type="cond" truecount="2" falsecount="0"/>
        <line num="18" count="24" type="stmt"/>
        <line num="25" count="1" type="stmt"/>
        <line num="27" count="5" type="stmt"/>
        <line num="28" count="5" type="stmt"/>
        <line num="29" count="5" type="stmt"/>
        <line num="30" count="24" type="cond" truecount="1" falsecount="1"/>
        <line num="35" count="24" type="stmt"/>
        <line num="38" count="24" type="cond" truecount="2" falsecount="0"/>
        <line num="41" count="20" type="stmt"/>
        <line num="42" count="20" type="stmt"/>
        <line num="46" count="4" type="stmt"/>
      </file>
    </metrics>
  </project>
</coverage>
