TN:
SF:/Users/fletcher/programming/codefellows/401/labs/03-async/lib/reader-callbacks-array.js
FN:8,(anonymous_0)
FN:15,(anonymous_1)
FN:16,(anonymous_2)
FN:25,(anonymous_3)
FN:29,fancyCallback
FNF:5
FNH:5
FNDA:4,(anonymous_0)
FNDA:15,(anonymous_1)
FNDA:15,(anonymous_2)
FNDA:4,(anonymous_3)
FNDA:15,fancyCallback
DA:3,1
DA:4,1
DA:5,1
DA:8,1
DA:9,4
DA:10,4
DA:15,1
DA:16,15
DA:17,15
DA:18,14
DA:25,1
DA:27,4
DA:28,4
DA:29,4
DA:30,15
DA:31,15
DA:34,14
DA:35,14
DA:36,14
DA:39,14
DA:40,11
DA:42,11
DA:43,11
DA:46,3
DA:47,3
LF:25
LH:25
BRDA:17,0,0,1
BRDA:17,0,1,14
BRDA:31,1,0,1
BRDA:31,1,1,14
BRDA:39,2,0,11
BRDA:39,2,1,3
BRF:6
BRH:6
end_of_record
TN:
SF:/Users/fletcher/programming/codefellows/401/labs/03-async/lib/reader-fixed.js
FN:8,(anonymous_0)
FN:15,(anonymous_1)
FN:16,(anonymous_2)
FN:25,(anonymous_3)
FN:28,(anonymous_4)
FN:39,(anonymous_5)
FN:48,(anonymous_6)
FNF:7
FNH:7
FNDA:2,(anonymous_0)
FNDA:6,(anonymous_1)
FNDA:6,(anonymous_2)
FNDA:2,(anonymous_3)
FNDA:2,(anonymous_4)
FNDA:2,(anonymous_5)
FNDA:2,(anonymous_6)
DA:3,1
DA:4,1
DA:5,1
DA:8,1
DA:9,2
DA:10,2
DA:15,1
DA:16,6
DA:17,6
DA:18,3
DA:25,1
DA:27,2
DA:28,2
DA:29,2
DA:30,1
DA:31,1
DA:32,1
DA:35,1
DA:36,1
DA:39,2
DA:40,2
DA:41,1
DA:44,1
DA:45,1
DA:48,2
DA:49,2
DA:50,1
DA:53,1
DA:54,1
DA:55,1
LF:30
LH:30
BRDA:17,0,0,3
BRDA:17,0,1,3
BRDA:29,1,0,1
BRDA:29,1,1,1
BRDA:40,2,0,1
BRDA:40,2,1,1
BRDA:49,3,0,1
BRDA:49,3,1,1
BRF:8
BRH:8
end_of_record
