TN:
SF:/Users/fletcher/programming/codefellows/401/labs/03-async/lib/reader-callbacks-array.js
FN:8,(anonymous_0)
FN:15,(anonymous_1)
FN:16,(anonymous_2)
FN:25,(anonymous_3)
FN:29,fancyCallback
FNF:5
FNH:5
FNDA:5,(anonymous_0)
FNDA:25,(anonymous_1)
FNDA:25,(anonymous_2)
FNDA:5,(anonymous_3)
FNDA:24,fancyCallback
DA:3,1
DA:4,1
DA:5,1
DA:8,1
DA:9,5
DA:10,4
DA:15,1
DA:16,25
DA:17,25
DA:18,24
DA:25,1
DA:27,5
DA:28,5
DA:29,5
DA:30,24
DA:35,24
DA:38,24
DA:41,20
DA:42,20
DA:46,4
LF:20
LH:20
BRDA:17,0,0,1
BRDA:17,0,1,24
BRDA:30,1,0,0
BRDA:30,1,1,24
BRDA:38,2,0,20
BRDA:38,2,1,4
BRF:6
BRH:5
end_of_record
